<?xml version="1.0" encoding="UTF-8"?>
<testsuite name="tienda.TiendaTest" tests="4" skipped="0" failures="0" errors="0" timestamp="2026-04-14T15:28:56.623Z" hostname="runnervm35a4x" time="0.008">
  <properties/>
  <testcase name="listarProductosDevuelveTodos()" classname="tienda.TiendaTest" time="0.0"/>
  <testcase name="compraProductoInexistenteFalla()" classname="tienda.TiendaTest" time="0.001"/>
  <testcase name="compraConStockInsuficienteFalla()" classname="tienda.TiendaTest" time="0.002"/>
  <testcase name="compraExitosaReduceStock()" classname="tienda.TiendaTest" time="0.001"/>
  <system-out><![CDATA[]]></system-out>
  <system-err><![CDATA[]]></system-err>
</testsuite>
